Determining if the pthread_create exist failed with the following output:
Change Dir: /home/yitinghe/Desktop/final_project/final_project/mavros_ws/src/ar_model/ar_model_description/build/CMakeFiles/CMakeTmp

Run Build Command:"/usr/bin/ninja" "cmTC_b022d"
[1/2] Building C object CMakeFiles/cmTC_b022d.dir/CheckSymbolExists.c.o
[2/2] Linking C executable cmTC_b022d
FAILED: cmTC_b022d 
: && /usr/bin/x86_64-linux-gnu-gcc-7   -rdynamic CMakeFiles/cmTC_b022d.dir/CheckSymbolExists.c.o  -o cmTC_b022d   && :
CMakeFiles/cmTC_b022d.dir/CheckSymbolExists.c.o: In function `main':
CheckSymbolExists.c:(.text+0x1b): undefined reference to `pthread_create'
collect2: error: ld returned 1 exit status
ninja: build stopped: subcommand failed.

File /home/yitinghe/Desktop/final_project/final_project/mavros_ws/src/ar_model/ar_model_description/build/CMakeFiles/CMakeTmp/CheckSymbolExists.c:
/* */
#include <pthread.h>

int main(int argc, char** argv)
{
  (void)argv;
#ifndef pthread_create
  return ((int*)(&pthread_create))[argc];
#else
  (void)argc;
  return 0;
#endif
}

Determining if the function pthread_create exists in the pthreads failed with the following output:
Change Dir: /home/yitinghe/Desktop/final_project/final_project/mavros_ws/src/ar_model/ar_model_description/build/CMakeFiles/CMakeTmp

Run Build Command:"/usr/bin/ninja" "cmTC_96301"
[1/2] Building C object CMakeFiles/cmTC_96301.dir/CheckFunctionExists.c.o
[2/2] Linking C executable cmTC_96301
FAILED: cmTC_96301 
: && /usr/bin/x86_64-linux-gnu-gcc-7 -DCHECK_FUNCTION_EXISTS=pthread_create  -rdynamic CMakeFiles/cmTC_96301.dir/CheckFunctionExists.c.o  -o cmTC_96301  -lpthreads && :
/usr/bin/ld: cannot find -lpthreads
collect2: error: ld returned 1 exit status
ninja: build stopped: subcommand failed.


