Determining if the pthread_create exist failed with the following output:
Change Dir: /home/yitinghe/Desktop/final_project/final_project/mavros_ws/src/april_tag/build/CMakeFiles/CMakeTmp

Run Build Command:"/usr/bin/ninja" "cmTC_2b161"
[1/2] Building C object CMakeFiles/cmTC_2b161.dir/CheckSymbolExists.c.o
[2/2] Linking C executable cmTC_2b161
FAILED: cmTC_2b161 
: && /usr/bin/x86_64-linux-gnu-gcc-7   -rdynamic CMakeFiles/cmTC_2b161.dir/CheckSymbolExists.c.o  -o cmTC_2b161   && :
CMakeFiles/cmTC_2b161.dir/CheckSymbolExists.c.o: In function `main':
CheckSymbolExists.c:(.text+0x1b): undefined reference to `pthread_create'
collect2: error: ld returned 1 exit status
ninja: build stopped: subcommand failed.

File /home/yitinghe/Desktop/final_project/final_project/mavros_ws/src/april_tag/build/CMakeFiles/CMakeTmp/CheckSymbolExists.c:
/* */
#include <pthread.h>

int main(int argc, char** argv)
{
  (void)argv;
#ifndef pthread_create
  return ((int*)(&pthread_create))[argc];
#else
  (void)argc;
  return 0;
#endif
}

Determining if the function pthread_create exists in the pthreads failed with the following output:
Change Dir: /home/yitinghe/Desktop/final_project/final_project/mavros_ws/src/april_tag/build/CMakeFiles/CMakeTmp

Run Build Command:"/usr/bin/ninja" "cmTC_8ac02"
[1/2] Building C object CMakeFiles/cmTC_8ac02.dir/CheckFunctionExists.c.o
[2/2] Linking C executable cmTC_8ac02
FAILED: cmTC_8ac02 
: && /usr/bin/x86_64-linux-gnu-gcc-7 -DCHECK_FUNCTION_EXISTS=pthread_create  -rdynamic CMakeFiles/cmTC_8ac02.dir/CheckFunctionExists.c.o  -o cmTC_8ac02  -lpthreads && :
/usr/bin/ld: cannot find -lpthreads
collect2: error: ld returned 1 exit status
ninja: build stopped: subcommand failed.


