Determining if the pthread_create exist failed with the following output:
Change Dir: /home/yitinghe/Desktop/final_project/final_project/mavros_ws/src/tf2_info/build/CMakeFiles/CMakeTmp

Run Build Command:"/usr/bin/ninja" "cmTC_c4f74"
[1/2] Building C object CMakeFiles/cmTC_c4f74.dir/CheckSymbolExists.c.o
[2/2] Linking C executable cmTC_c4f74
FAILED: cmTC_c4f74 
: && /usr/bin/x86_64-linux-gnu-gcc-7   -rdynamic CMakeFiles/cmTC_c4f74.dir/CheckSymbolExists.c.o  -o cmTC_c4f74   && :
CMakeFiles/cmTC_c4f74.dir/CheckSymbolExists.c.o: In function `main':
CheckSymbolExists.c:(.text+0x1b): undefined reference to `pthread_create'
collect2: error: ld returned 1 exit status
ninja: build stopped: subcommand failed.

File /home/yitinghe/Desktop/final_project/final_project/mavros_ws/src/tf2_info/build/CMakeFiles/CMakeTmp/CheckSymbolExists.c:
/* */
#include <pthread.h>

int main(int argc, char** argv)
{
  (void)argv;
#ifndef pthread_create
  return ((int*)(&pthread_create))[argc];
#else
  (void)argc;
  return 0;
#endif
}

Determining if the function pthread_create exists in the pthreads failed with the following output:
Change Dir: /home/yitinghe/Desktop/final_project/final_project/mavros_ws/src/tf2_info/build/CMakeFiles/CMakeTmp

Run Build Command:"/usr/bin/ninja" "cmTC_3c5b6"
[1/2] Building C object CMakeFiles/cmTC_3c5b6.dir/CheckFunctionExists.c.o
[2/2] Linking C executable cmTC_3c5b6
FAILED: cmTC_3c5b6 
: && /usr/bin/x86_64-linux-gnu-gcc-7 -DCHECK_FUNCTION_EXISTS=pthread_create  -rdynamic CMakeFiles/cmTC_3c5b6.dir/CheckFunctionExists.c.o  -o cmTC_3c5b6  -lpthreads && :
/usr/bin/ld: cannot find -lpthreads
collect2: error: ld returned 1 exit status
ninja: build stopped: subcommand failed.


